<?xml version="1.0" encoding="UTF-8"?>
<!-- Generated by org.testng.reporters.JUnitXMLReporter -->
<testsuite hostname="ARAVINDA-DELL-PERSONAL" ignored="3" name="GRP-regression" tests="4" failures="0" timestamp="2021-05-16T15:48:06 IST" time="0.071" errors="0">
  <testcase name="carnival" time="0.012" classname="testng.group.Cars"/>
  <testcase name="celtos" time="0.001" classname="testng.group.Cars"/>
  <testcase name="swift" time="0.001" classname="testng.group.Cars"/>
  <testcase name="xuv500" time="0.001" classname="testng.group.Cars"/>
  <testcase name="ertiga" time="0.0" classname="testng.group.Cars">
    <ignored/>
  </testcase> <!-- ertiga -->
  <testcase name="alto" time="0.0" classname="testng.group.Cars">
    <ignored/>
  </testcase> <!-- alto -->
  <testcase name="xuv300" time="0.0" classname="testng.group.Cars">
    <ignored/>
  </testcase> <!-- xuv300 -->
</testsuite> <!-- GRP-regression -->
