<?xml version="1.0" encoding="UTF-8"?>
<!-- Generated by org.testng.reporters.JUnitXMLReporter -->
<testsuite hostname="ARAVINDA-DELL-PERSONAL" ignored="0" name="Customer test" tests="8" failures="0" timestamp="2021-05-16T15:25:59 IST" time="0.115" errors="0">
  <testcase name="launch" time="0.011" classname="testng.order.OrderOfExecutionUsingDependsOn"/>
  <testcase name="login" time="0.002" classname="testng.order.OrderOfExecutionUsingDependsOn"/>
  <testcase name="createCutomer" time="0.003" classname="testng.order.OrderOfExecutionUsingDependsOn"/>
  <testcase name="logout" time="0.003" classname="testng.order.OrderOfExecutionUsingDependsOn"/>
  <testcase name="createCutomer" time="0.001" classname="testng.LoginTest"/>
  <testcase name="launch" time="0.001" classname="testng.LoginTest"/>
  <testcase name="login" time="0.001" classname="testng.LoginTest"/>
  <testcase name="logout" time="0.001" classname="testng.LoginTest"/>
</testsuite> <!-- Customer test -->
