<?xml version="1.0" encoding="UTF-8"?>
<!-- Generated by org.testng.reporters.JUnitXMLReporter -->
<testsuite hostname="ARAVINDA-DELL-PERSONAL" ignored="0" name="User test" tests="7" failures="0" timestamp="2021-05-16T15:25:59 IST" time="0.023" errors="0">
  <testcase name="test1" time="0.001" classname="testng.HelloWorld"/>
  <testcase name="test2" time="0.001" classname="testng.HelloWorld"/>
  <testcase name="test3" time="0.001" classname="testng.HelloWorld"/>
  <testcase name="launch" time="0.001" classname="testng.order.OrderOfExecution"/>
  <testcase name="login" time="0.001" classname="testng.order.OrderOfExecution"/>
  <testcase name="createCutomer" time="0.002" classname="testng.order.OrderOfExecution"/>
  <testcase name="logout" time="0.001" classname="testng.order.OrderOfExecution"/>
</testsuite> <!-- User test -->
