<?xml version="1.0" encoding="UTF-8"?>
<testng-results skipped="0" failed="0" ignored="0" total="1" passed="1">
  <reporter-output>
  </reporter-output>
  <suite name="Default suite" duration-ms="10996" started-at="2021-05-16T16:54:56 IST" finished-at="2021-05-16T16:55:07 IST">
    <groups>
    </groups>
    <test name="Default test" duration-ms="10996" started-at="2021-05-16T16:54:56 IST" finished-at="2021-05-16T16:55:07 IST">
      <class name="testng.tests.ExecuteJavaScriptCode">
        <test-method status="PASS" signature="executeJs()[pri:0, instance:testng.tests.ExecuteJavaScriptCode@6ee52dcd]" name="executeJs" duration-ms="10945" started-at="2021-05-16T16:54:56 IST" finished-at="2021-05-16T16:55:07 IST">
          <reporter-output>
          </reporter-output>
        </test-method> <!-- executeJs -->
      </class> <!-- testng.tests.ExecuteJavaScriptCode -->
    </test> <!-- Default test -->
  </suite> <!-- Default suite -->
</testng-results>
